11/14/2020, 7:13:14 PM ZinIObFKq3maCntiAAAA, connection
11/14/2020, 7:13:14 PM ROy, registration
11/14/2020, 7:13:20 PM nxMgKiEYe-FIEYDPAAAB, connection
11/14/2020, 7:13:20 PM Tony, registration
11/14/2020, 7:13:22 PM ROy, message, length:5
11/14/2020, 7:13:28 PM Tony, message, length:2
11/14/2020, 7:13:31 PM Tony, start
11/14/2020, 7:13:35 PM ROy, join
11/14/2020, 7:13:38 PM ROy, leave
11/14/2020, 7:13:40 PM reset
11/14/2020, 7:13:40 PM Tony, leave
11/14/2020, 7:13:41 PM ROy, start
11/14/2020, 7:13:42 PM Tony, join
11/14/2020, 7:13:44 PM ROy, play
11/14/2020, 7:14:52 PM ROy, playCard, 
11/14/2020, 7:31:09 PM ROy, disconnect
11/14/2020, 7:31:09 PM ROy, leave
11/14/2020, 7:31:11 PM Tony, leave
11/14/2020, 7:31:11 PM Tony, disconnect
11/14/2020, 7:31:11 PM reset
